# JRE version: Java(TM) SE Runtime Environment (17.0.1+12) (build 17.0.1+12-LTS-39)
# Java VM: Java HotSpot(TM) 64-Bit Server VM (17.0.1+12-LTS-39, mixed mode, sharing, tiered, compressed oops, compressed class ptrs, g1 gc, windows-amd64)
GC Precious Log:
 CPUs: 4 total, 4 available
 Memory: 4012M
 Large Page Support: Disabled
 NUMA Support: Disabled
 Compressed Oops: Enabled (32-bit)
 Heap Region Size: 1M
 Heap Min Capacity: 8M
 Heap Initial Capacity: 64M
 Heap Max Capacity: 1004M
 Pre-touch: Disabled
 Parallel Workers: 4
 Concurrent Workers: 1
 Concurrent Refinement Workers: 4
 Periodic GC: Disabled
Heap:
 garbage-first heap   total 194560K, used 124187K [0x00000000c1400000, 0x0000000100000000)
  region size 1024K, 42 young (43008K), 1 survivors (1024K)
 Metaspace       used 19930K, committed 20160K, reserved 1073152K
  class space    used 2058K, committed 2176K, reserved 1048576K
GC Heap History (20 events):
Event: 78.072 GC heap before
{Heap before GC invocations=710 (full 0):
 garbage-first heap   total 194560K, used 117636K [0x00000000c1400000, 0x0000000100000000)
  region size 1024K, 33 young (33792K), 1 survivors (1024K)
 Metaspace       used 19896K, committed 20160K, reserved 1073152K
  class space    used 2057K, committed 2176K, reserved 1048576K
}
Event: 78.074 GC heap after
{Heap after GC invocations=711 (full 0):
 garbage-first heap   total 194560K, used 58175K [0x00000000c1400000, 0x0000000100000000)
  region size 1024K, 1 young (1024K), 1 survivors (1024K)
 Metaspace       used 19896K, committed 20160K, reserved 1073152K
  class space    used 2057K, committed 2176K, reserved 1048576K
}
Event: 78.219 GC heap before
{Heap before GC invocations=712 (full 0):
 garbage-first heap   total 194560K, used 131903K [0x00000000c1400000, 0x0000000100000000)
  region size 1024K, 47 young (48128K), 1 survivors (1024K)
 Metaspace       used 19896K, committed 20160K, reserved 1073152K
  class space    used 2057K, committed 2176K, reserved 1048576K
}
Event: 78.220 GC heap after
{Heap after GC invocations=713 (full 0):
 garbage-first heap   total 194560K, used 68469K [0x00000000c1400000, 0x0000000100000000)
  region size 1024K, 1 young (1024K), 1 survivors (1024K)
 Metaspace       used 19896K, committed 20160K, reserved 1073152K
  class space    used 2057K, committed 2176K, reserved 1048576K
}
Event: 78.319 GC heap before
{Heap before GC invocations=714 (full 0):
 garbage-first heap   total 194560K, used 112501K [0x00000000c1400000, 0x0000000100000000)
  region size 1024K, 28 young (28672K), 1 survivors (1024K)
 Metaspace       used 19899K, committed 20160K, reserved 1073152K
  class space    used 2057K, committed 2176K, reserved 1048576K
}
Event: 78.320 GC heap after
{Heap after GC invocations=715 (full 0):
 garbage-first heap   total 194560K, used 58157K [0x00000000c1400000, 0x0000000100000000)
  region size 1024K, 1 young (1024K), 1 survivors (1024K)
 Metaspace       used 19899K, committed 20160K, reserved 1073152K
  class space    used 2057K, committed 2176K, reserved 1048576K
}
Event: 78.494 GC heap before
{Heap before GC invocations=716 (full 0):
 garbage-first heap   total 194560K, used 141101K [0x00000000c1400000, 0x0000000100000000)
  region size 1024K, 56 young (57344K), 1 survivors (1024K)
 Metaspace       used 19899K, committed 20160K, reserved 1073152K
  class space    used 2057K, committed 2176K, reserved 1048576K
}
Event: 78.495 GC heap after
{Heap after GC invocations=717 (full 0):
 garbage-first heap   total 194560K, used 68484K [0x00000000c1400000, 0x0000000100000000)
  region size 1024K, 1 young (1024K), 1 survivors (1024K)
 Metaspace       used 19899K, committed 20160K, reserved 1073152K
  class space    used 2057K, committed 2176K, reserved 1048576K
}
Event: 78.589 GC heap before
{Heap before GC invocations=717 (full 0):
 garbage-first heap   total 194560K, used 118660K [0x00000000c1400000, 0x0000000100000000)
  region size 1024K, 34 young (34816K), 1 survivors (1024K)
 Metaspace       used 19899K, committed 20160K, reserved 1073152K
  class space    used 2057K, committed 2176K, reserved 1048576K
}
Event: 78.592 GC heap after
{Heap after GC invocations=718 (full 0):
 garbage-first heap   total 194560K, used 56285K [0x00000000c1400000, 0x0000000100000000)
  region size 1024K, 1 young (1024K), 1 survivors (1024K)
 Metaspace       used 19899K, committed 20160K, reserved 1073152K
  class space    used 2057K, committed 2176K, reserved 1048576K
}
Event: 78.754 GC heap before
{Heap before GC invocations=718 (full 0):
 garbage-first heap   total 194560K, used 138205K [0x00000000c1400000, 0x0000000100000000)
  region size 1024K, 53 young (54272K), 1 survivors (1024K)
 Metaspace       used 19900K, committed 20160K, reserved 1073152K
  class space    used 2057K, committed 2176K, reserved 1048576K
}
Event: 78.755 GC heap after
{Heap after GC invocations=719 (full 0):
 garbage-first heap   total 194560K, used 68712K [0x00000000c1400000, 0x0000000100000000)
  region size 1024K, 1 young (1024K), 1 survivors (1024K)
 Metaspace       used 19900K, committed 20160K, reserved 1073152K
  class space    used 2057K, committed 2176K, reserved 1048576K
}
Event: 78.855 GC heap before
{Heap before GC invocations=720 (full 0):
 garbage-first heap   total 194560K, used 115816K [0x00000000c1400000, 0x0000000100000000)
  region size 1024K, 31 young (31744K), 1 survivors (1024K)
 Metaspace       used 19900K, committed 20160K, reserved 1073152K
  class space    used 2057K, committed 2176K, reserved 1048576K
}
Event: 78.858 GC heap after
{Heap after GC invocations=721 (full 0):
 garbage-first heap   total 194560K, used 58364K [0x00000000c1400000, 0x0000000100000000)
  region size 1024K, 1 young (1024K), 1 survivors (1024K)
 Metaspace       used 19900K, committed 20160K, reserved 1073152K
  class space    used 2057K, committed 2176K, reserved 1048576K
}
Event: 79.027 GC heap before
{Heap before GC invocations=721 (full 0):
 garbage-first heap   total 194560K, used 126972K [0x00000000c1400000, 0x0000000100000000)
  region size 1024K, 42 young (43008K), 1 survivors (1024K)
 Metaspace       used 19900K, committed 20160K, reserved 1073152K
  class space    used 2057K, committed 2176K, reserved 1048576K
}
Event: 79.029 GC heap after
{Heap after GC invocations=722 (full 0):
 garbage-first heap   total 194560K, used 68572K [0x00000000c1400000, 0x0000000100000000)
  region size 1024K, 1 young (1024K), 1 survivors (1024K)
 Metaspace       used 19900K, committed 20160K, reserved 1073152K
  class space    used 2057K, committed 2176K, reserved 1048576K
}
Event: 79.145 GC heap before
{Heap before GC invocations=722 (full 0):
 garbage-first heap   total 194560K, used 111580K [0x00000000c1400000, 0x0000000100000000)
  region size 1024K, 27 young (27648K), 1 survivors (1024K)
 Metaspace       used 19900K, committed 20160K, reserved 1073152K
  class space    used 2057K, committed 2176K, reserved 1048576K
}
Event: 79.147 GC heap after
{Heap after GC invocations=723 (full 0):
 garbage-first heap   total 194560K, used 58212K [0x00000000c1400000, 0x0000000100000000)
  region size 1024K, 1 young (1024K), 1 survivors (1024K)
 Metaspace       used 19900K, committed 20160K, reserved 1073152K
  class space    used 2057K, committed 2176K, reserved 1048576K
}
Event: 79.322 GC heap before
{Heap before GC invocations=723 (full 0):
 garbage-first heap   total 194560K, used 163684K [0x00000000c1400000, 0x0000000100000000)
  region size 1024K, 78 young (79872K), 1 survivors (1024K)
 Metaspace       used 19930K, committed 20160K, reserved 1073152K
  class space    used 2058K, committed 2176K, reserved 1048576K
}
Event: 79.324 GC heap after
{Heap after GC invocations=724 (full 0):
 garbage-first heap   total 194560K, used 68625K [0x00000000c1400000, 0x0000000100000000)
  region size 1024K, 1 young (1024K), 1 survivors (1024K)
 Metaspace       used 19930K, committed 20160K, reserved 1073152K
  class space    used 2058K, committed 2176K, reserved 1048576K
}

